<?xml version="1.0" encoding="UTF-8"?>
<!-- Generated by org.testng.reporters.JUnitReportReporter -->
<testsuite hostname="zeuskingzbMacBook-Pro.local" name="com.zizaike.redis.service.RedisServiceTest" tests="1" failures="0" timestamp="10 Nov 2015 07:55:26 GMT" time="0.354" errors="0">
  <testcase name="setEx" time="0.354" classname="com.zizaike.redis.service.RedisServiceTest"/>
</testsuite> <!-- com.zizaike.redis.service.RedisServiceTest -->
