<?xml version="1.0" encoding="UTF-8"?>
<!-- Generated by org.testng.reporters.JUnitReportReporter -->
<testsuite hostname="zeuskingzbMacBook-Pro.local" name="com.zizaike.redis.service.HotRecommendRedisServiceImplTest" tests="1" failures="0" timestamp="10 Nov 2015 09:52:17 GMT" time="0.380" errors="0">
  <testcase name="save" time="0.380" classname="com.zizaike.redis.service.HotRecommendRedisServiceImplTest"/>
</testsuite> <!-- com.zizaike.redis.service.HotRecommendRedisServiceImplTest -->
