<?xml version="1.0" encoding="UTF-8"?>
<!-- Generated by org.testng.reporters.JUnitReportReporter -->
<testsuite hostname="zeuskingzbMacBook-Pro.local" name="com.zizaike.recommend.service.HotRecommendServiceTest" tests="1" failures="0" timestamp="5 Nov 2015 09:15:50 GMT" time="0.241" errors="0">
  <testcase name="quryHotRecommend" time="0.241" classname="com.zizaike.recommend.service.HotRecommendServiceTest"/>
</testsuite> <!-- com.zizaike.recommend.service.HotRecommendServiceTest -->
